mode: set
github.com/alirezaghasemi/user-manager/cmd/main.go:5.13,7.2 1 0
github.com/alirezaghasemi/user-manager/internal/config/database/postgres.go:16.66,21.16 3 0
github.com/alirezaghasemi/user-manager/internal/config/database/postgres.go:21.16,23.3 1 0
github.com/alirezaghasemi/user-manager/internal/config/database/postgres.go:25.2,26.16 2 0
github.com/alirezaghasemi/user-manager/internal/config/database/postgres.go:26.16,28.3 1 0
github.com/alirezaghasemi/user-manager/internal/config/database/postgres.go:30.2,30.37 1 0
github.com/alirezaghasemi/user-manager/internal/config/database/postgres.go:30.37,32.3 1 0
github.com/alirezaghasemi/user-manager/internal/config/database/postgres.go:34.2,37.8 1 0
github.com/alirezaghasemi/user-manager/internal/config/database/postgres.go:40.42,42.2 1 0
github.com/alirezaghasemi/user-manager/internal/config/config.go:56.44,57.19 1 0
github.com/alirezaghasemi/user-manager/internal/config/config.go:57.19,59.17 2 0
github.com/alirezaghasemi/user-manager/internal/config/config.go:59.17,61.4 1 0
github.com/alirezaghasemi/user-manager/internal/config/config.go:62.8,64.3 1 0
github.com/alirezaghasemi/user-manager/internal/config/config.go:66.2,68.16 3 0
github.com/alirezaghasemi/user-manager/internal/config/config.go:68.16,70.3 1 0
github.com/alirezaghasemi/user-manager/internal/config/config.go:72.2,72.18 1 0
github.com/alirezaghasemi/user-manager/cmd/command/hello.go:11.13,14.2 2 0
github.com/alirezaghasemi/user-manager/cmd/command/hello.go:20.47,21.17 1 0
github.com/alirezaghasemi/user-manager/cmd/command/hello.go:21.17,23.4 1 0
github.com/alirezaghasemi/user-manager/cmd/command/hello.go:23.9,25.4 1 0
github.com/alirezaghasemi/user-manager/cmd/command/http.go:21.47,27.3 3 0
github.com/alirezaghasemi/user-manager/cmd/command/http.go:30.13,32.2 1 0
github.com/alirezaghasemi/user-manager/cmd/command/http.go:34.44,57.16 9 0
github.com/alirezaghasemi/user-manager/cmd/command/http.go:57.16,59.3 1 0
github.com/alirezaghasemi/user-manager/cmd/command/http.go:61.2,61.12 1 0
github.com/alirezaghasemi/user-manager/cmd/command/migrate.go:26.47,28.3 1 0
github.com/alirezaghasemi/user-manager/cmd/command/migrate.go:35.47,37.3 1 0
github.com/alirezaghasemi/user-manager/cmd/command/migrate.go:44.47,46.3 1 0
github.com/alirezaghasemi/user-manager/cmd/command/migrate.go:52.47,54.3 1 0
github.com/alirezaghasemi/user-manager/cmd/command/migrate.go:60.47,62.3 1 0
github.com/alirezaghasemi/user-manager/cmd/command/migrate.go:68.47,70.17 2 0
github.com/alirezaghasemi/user-manager/cmd/command/migrate.go:70.17,72.4 1 0
github.com/alirezaghasemi/user-manager/cmd/command/migrate.go:73.3,73.52 1 0
github.com/alirezaghasemi/user-manager/cmd/command/migrate.go:81.47,83.17 2 0
github.com/alirezaghasemi/user-manager/cmd/command/migrate.go:83.17,85.4 1 0
github.com/alirezaghasemi/user-manager/cmd/command/migrate.go:86.3,86.61 1 0
github.com/alirezaghasemi/user-manager/cmd/command/migrate.go:94.47,96.17 2 0
github.com/alirezaghasemi/user-manager/cmd/command/migrate.go:96.17,98.4 1 0
github.com/alirezaghasemi/user-manager/cmd/command/migrate.go:99.3,99.33 1 0
github.com/alirezaghasemi/user-manager/cmd/command/migrate.go:107.47,109.17 2 0
github.com/alirezaghasemi/user-manager/cmd/command/migrate.go:109.17,111.4 1 0
github.com/alirezaghasemi/user-manager/cmd/command/migrate.go:112.3,112.35 1 0
github.com/alirezaghasemi/user-manager/cmd/command/migrate.go:116.13,126.2 9 0
github.com/alirezaghasemi/user-manager/cmd/command/migrate.go:128.50,137.16 5 0
github.com/alirezaghasemi/user-manager/cmd/command/migrate.go:137.16,139.3 1 0
github.com/alirezaghasemi/user-manager/cmd/command/migrate.go:140.2,143.17 2 0
github.com/alirezaghasemi/user-manager/cmd/command/migrate.go:144.12,146.17 2 0
github.com/alirezaghasemi/user-manager/cmd/command/migrate.go:146.17,148.4 1 0
github.com/alirezaghasemi/user-manager/cmd/command/migrate.go:149.3,149.53 1 0
github.com/alirezaghasemi/user-manager/cmd/command/migrate.go:150.14,152.17 2 0
github.com/alirezaghasemi/user-manager/cmd/command/migrate.go:152.17,154.4 1 0
github.com/alirezaghasemi/user-manager/cmd/command/migrate.go:155.3,155.55 1 0
github.com/alirezaghasemi/user-manager/cmd/command/migrate.go:156.16,158.17 2 0
github.com/alirezaghasemi/user-manager/cmd/command/migrate.go:158.17,160.4 1 0
github.com/alirezaghasemi/user-manager/cmd/command/migrate.go:161.14,162.37 1 0
github.com/alirezaghasemi/user-manager/cmd/command/migrate.go:163.17,166.17 3 0
github.com/alirezaghasemi/user-manager/cmd/command/migrate.go:166.17,168.4 1 0
github.com/alirezaghasemi/user-manager/cmd/command/migrate.go:169.15,170.46 1 0
github.com/alirezaghasemi/user-manager/cmd/command/migrate.go:171.17,172.48 1 0
github.com/alirezaghasemi/user-manager/cmd/command/migrate.go:175.2,175.16 1 0
github.com/alirezaghasemi/user-manager/cmd/command/migrate.go:175.16,177.3 1 0
github.com/alirezaghasemi/user-manager/cmd/command/root.go:18.48,20.4 1 0
github.com/alirezaghasemi/user-manager/cmd/command/root.go:24.26,25.19 1 0
github.com/alirezaghasemi/user-manager/cmd/command/root.go:25.19,27.17 2 0
github.com/alirezaghasemi/user-manager/cmd/command/root.go:27.17,29.4 1 0
github.com/alirezaghasemi/user-manager/cmd/command/root.go:30.8,32.3 1 0
github.com/alirezaghasemi/user-manager/cmd/command/root.go:34.2,35.16 2 0
github.com/alirezaghasemi/user-manager/cmd/command/root.go:35.16,37.3 1 0
github.com/alirezaghasemi/user-manager/cmd/command/root.go:40.13,50.2 5 0
github.com/alirezaghasemi/user-manager/cmd/command/root.go:52.16,53.42 1 0
github.com/alirezaghasemi/user-manager/cmd/command/root.go:53.42,55.3 1 0
github.com/alirezaghasemi/user-manager/cmd/command/run.go:19.47,21.3 1 0
github.com/alirezaghasemi/user-manager/cmd/command/run.go:24.13,36.2 1 0
github.com/alirezaghasemi/user-manager/internal/container/container.go:15.49,18.16 2 0
github.com/alirezaghasemi/user-manager/internal/container/container.go:18.16,19.13 1 0
github.com/alirezaghasemi/user-manager/internal/container/container.go:23.2,28.3 2 0
github.com/alirezaghasemi/user-manager/internal/delivary/http/router/router.go:10.61,13.40 2 0
github.com/alirezaghasemi/user-manager/internal/delivary/http/router/router.go:13.40,15.3 1 0
github.com/alirezaghasemi/user-manager/internal/delivary/http/router/router.go:17.2,34.15 8 0
github.com/alirezaghasemi/user-manager/internal/delivary/http/handler/user_handler.go:41.93,46.2 1 0
github.com/alirezaghasemi/user-manager/internal/delivary/http/handler/user_handler.go:49.46,53.16 3 0
github.com/alirezaghasemi/user-manager/internal/delivary/http/handler/user_handler.go:53.16,56.3 2 0
github.com/alirezaghasemi/user-manager/internal/delivary/http/handler/user_handler.go:58.2,59.16 2 0
github.com/alirezaghasemi/user-manager/internal/delivary/http/handler/user_handler.go:59.16,62.3 2 0
github.com/alirezaghasemi/user-manager/internal/delivary/http/handler/user_handler.go:64.2,71.16 2 0
github.com/alirezaghasemi/user-manager/internal/delivary/http/handler/user_handler.go:71.16,72.10 1 0
github.com/alirezaghasemi/user-manager/internal/delivary/http/handler/user_handler.go:73.52,75.10 2 0
github.com/alirezaghasemi/user-manager/internal/delivary/http/handler/user_handler.go:76.55,78.10 2 0
github.com/alirezaghasemi/user-manager/internal/delivary/http/handler/user_handler.go:79.11,81.10 2 0
github.com/alirezaghasemi/user-manager/internal/delivary/http/handler/user_handler.go:85.2,91.5 1 0
github.com/alirezaghasemi/user-manager/internal/delivary/http/handler/user_handler.go:95.48,97.16 2 0
github.com/alirezaghasemi/user-manager/internal/delivary/http/handler/user_handler.go:97.16,100.3 2 0
github.com/alirezaghasemi/user-manager/internal/delivary/http/handler/user_handler.go:102.2,103.16 2 0
github.com/alirezaghasemi/user-manager/internal/delivary/http/handler/user_handler.go:103.16,104.49 1 0
github.com/alirezaghasemi/user-manager/internal/delivary/http/handler/user_handler.go:104.49,107.4 2 0
github.com/alirezaghasemi/user-manager/internal/delivary/http/handler/user_handler.go:109.3,110.9 2 0
github.com/alirezaghasemi/user-manager/internal/delivary/http/handler/user_handler.go:113.2,119.5 1 0
github.com/alirezaghasemi/user-manager/internal/delivary/http/handler/user_handler.go:123.46,125.16 2 0
github.com/alirezaghasemi/user-manager/internal/delivary/http/handler/user_handler.go:125.16,128.3 2 0
github.com/alirezaghasemi/user-manager/internal/delivary/http/handler/user_handler.go:130.2,132.16 3 0
github.com/alirezaghasemi/user-manager/internal/delivary/http/handler/user_handler.go:132.16,135.3 2 0
github.com/alirezaghasemi/user-manager/internal/delivary/http/handler/user_handler.go:137.2,138.16 2 0
github.com/alirezaghasemi/user-manager/internal/delivary/http/handler/user_handler.go:138.16,141.3 2 0
github.com/alirezaghasemi/user-manager/internal/delivary/http/handler/user_handler.go:144.2,145.16 2 0
github.com/alirezaghasemi/user-manager/internal/delivary/http/handler/user_handler.go:145.16,146.49 1 0
github.com/alirezaghasemi/user-manager/internal/delivary/http/handler/user_handler.go:146.49,149.4 2 0
github.com/alirezaghasemi/user-manager/internal/delivary/http/handler/user_handler.go:151.3,152.9 2 0
github.com/alirezaghasemi/user-manager/internal/delivary/http/handler/user_handler.go:155.2,155.21 1 0
github.com/alirezaghasemi/user-manager/internal/delivary/http/handler/user_handler.go:155.21,157.3 1 0
github.com/alirezaghasemi/user-manager/internal/delivary/http/handler/user_handler.go:158.2,158.23 1 0
github.com/alirezaghasemi/user-manager/internal/delivary/http/handler/user_handler.go:158.23,160.3 1 0
github.com/alirezaghasemi/user-manager/internal/delivary/http/handler/user_handler.go:161.2,161.22 1 0
github.com/alirezaghasemi/user-manager/internal/delivary/http/handler/user_handler.go:161.22,163.3 1 0
github.com/alirezaghasemi/user-manager/internal/delivary/http/handler/user_handler.go:164.2,164.20 1 0
github.com/alirezaghasemi/user-manager/internal/delivary/http/handler/user_handler.go:164.20,166.3 1 0
github.com/alirezaghasemi/user-manager/internal/delivary/http/handler/user_handler.go:168.2,169.16 2 0
github.com/alirezaghasemi/user-manager/internal/delivary/http/handler/user_handler.go:169.16,170.50 1 0
github.com/alirezaghasemi/user-manager/internal/delivary/http/handler/user_handler.go:170.50,173.4 2 0
github.com/alirezaghasemi/user-manager/internal/delivary/http/handler/user_handler.go:175.3,175.49 1 0
github.com/alirezaghasemi/user-manager/internal/delivary/http/handler/user_handler.go:175.49,178.4 2 0
github.com/alirezaghasemi/user-manager/internal/delivary/http/handler/user_handler.go:180.3,181.9 2 0
github.com/alirezaghasemi/user-manager/internal/delivary/http/handler/user_handler.go:184.2,190.5 1 0
github.com/alirezaghasemi/user-manager/internal/delivary/http/handler/user_handler.go:194.47,196.16 2 0
github.com/alirezaghasemi/user-manager/internal/delivary/http/handler/user_handler.go:196.16,199.3 2 0
github.com/alirezaghasemi/user-manager/internal/delivary/http/handler/user_handler.go:201.2,202.29 2 0
github.com/alirezaghasemi/user-manager/internal/delivary/http/handler/user_handler.go:202.29,210.3 1 0
github.com/alirezaghasemi/user-manager/internal/delivary/http/handler/user_handler.go:212.2,212.74 1 0
github.com/alirezaghasemi/user-manager/internal/delivary/http/handler/user_handler.go:215.46,217.16 2 0
github.com/alirezaghasemi/user-manager/internal/delivary/http/handler/user_handler.go:217.16,220.3 2 0
github.com/alirezaghasemi/user-manager/internal/delivary/http/handler/user_handler.go:222.2,223.16 2 0
github.com/alirezaghasemi/user-manager/internal/delivary/http/handler/user_handler.go:223.16,224.49 1 0
github.com/alirezaghasemi/user-manager/internal/delivary/http/handler/user_handler.go:224.49,227.4 2 0
github.com/alirezaghasemi/user-manager/internal/delivary/http/handler/user_handler.go:229.3,230.9 2 0
github.com/alirezaghasemi/user-manager/internal/delivary/http/handler/user_handler.go:233.2,235.5 1 0
github.com/alirezaghasemi/user-manager/internal/repository/user_repository.go:37.52,39.2 1 0
github.com/alirezaghasemi/user-manager/internal/repository/user_repository.go:42.95,44.16 2 0
github.com/alirezaghasemi/user-manager/internal/repository/user_repository.go:44.16,48.54 2 0
github.com/alirezaghasemi/user-manager/internal/repository/user_repository.go:48.54,50.4 1 0
github.com/alirezaghasemi/user-manager/internal/repository/user_repository.go:51.3,51.75 1 0
github.com/alirezaghasemi/user-manager/internal/repository/user_repository.go:54.2,54.18 1 0
github.com/alirezaghasemi/user-manager/internal/repository/user_repository.go:58.90,61.16 3 0
github.com/alirezaghasemi/user-manager/internal/repository/user_repository.go:61.16,62.45 1 0
github.com/alirezaghasemi/user-manager/internal/repository/user_repository.go:62.45,64.4 1 0
github.com/alirezaghasemi/user-manager/internal/repository/user_repository.go:66.3,66.78 1 0
github.com/alirezaghasemi/user-manager/internal/repository/user_repository.go:69.2,69.18 1 0
github.com/alirezaghasemi/user-manager/internal/repository/user_repository.go:73.97,76.21 2 0
github.com/alirezaghasemi/user-manager/internal/repository/user_repository.go:76.21,78.59 2 0
github.com/alirezaghasemi/user-manager/internal/repository/user_repository.go:78.59,80.4 1 0
github.com/alirezaghasemi/user-manager/internal/repository/user_repository.go:82.3,82.82 1 0
github.com/alirezaghasemi/user-manager/internal/repository/user_repository.go:85.2,85.26 1 0
github.com/alirezaghasemi/user-manager/internal/repository/user_repository.go:85.26,87.3 1 0
github.com/alirezaghasemi/user-manager/internal/repository/user_repository.go:89.2,89.18 1 0
github.com/alirezaghasemi/user-manager/internal/repository/user_repository.go:93.80,96.16 3 0
github.com/alirezaghasemi/user-manager/internal/repository/user_repository.go:96.16,98.3 1 0
github.com/alirezaghasemi/user-manager/internal/repository/user_repository.go:100.2,100.19 1 0
github.com/alirezaghasemi/user-manager/internal/repository/user_repository.go:104.71,108.16 3 0
github.com/alirezaghasemi/user-manager/internal/repository/user_repository.go:108.16,109.45 1 0
github.com/alirezaghasemi/user-manager/internal/repository/user_repository.go:109.45,111.4 1 0
github.com/alirezaghasemi/user-manager/internal/repository/user_repository.go:113.3,113.61 1 0
github.com/alirezaghasemi/user-manager/internal/repository/user_repository.go:117.2,118.16 2 0
github.com/alirezaghasemi/user-manager/internal/repository/user_repository.go:118.16,120.3 1 0
github.com/alirezaghasemi/user-manager/internal/repository/user_repository.go:122.2,122.12 1 0
github.com/alirezaghasemi/user-manager/internal/pkg/httpResponse/helper.go:4.60,10.2 1 0
github.com/alirezaghasemi/user-manager/internal/pkg/httpResponse/helper.go:13.57,19.2 1 0
github.com/alirezaghasemi/user-manager/internal/repository/user_repository.go:37.52,39.2 1 0
github.com/alirezaghasemi/user-manager/internal/repository/user_repository.go:42.95,44.16 2 0
github.com/alirezaghasemi/user-manager/internal/repository/user_repository.go:44.16,48.54 2 0
github.com/alirezaghasemi/user-manager/internal/repository/user_repository.go:48.54,50.4 1 0
github.com/alirezaghasemi/user-manager/internal/repository/user_repository.go:51.3,51.75 1 0
github.com/alirezaghasemi/user-manager/internal/repository/user_repository.go:54.2,54.18 1 0
github.com/alirezaghasemi/user-manager/internal/repository/user_repository.go:58.90,61.16 3 0
github.com/alirezaghasemi/user-manager/internal/repository/user_repository.go:61.16,62.45 1 0
github.com/alirezaghasemi/user-manager/internal/repository/user_repository.go:62.45,64.4 1 0
github.com/alirezaghasemi/user-manager/internal/repository/user_repository.go:66.3,66.78 1 0
github.com/alirezaghasemi/user-manager/internal/repository/user_repository.go:69.2,69.18 1 0
github.com/alirezaghasemi/user-manager/internal/repository/user_repository.go:73.97,76.21 2 0
github.com/alirezaghasemi/user-manager/internal/repository/user_repository.go:76.21,78.59 2 0
github.com/alirezaghasemi/user-manager/internal/repository/user_repository.go:78.59,80.4 1 0
github.com/alirezaghasemi/user-manager/internal/repository/user_repository.go:82.3,82.82 1 0
github.com/alirezaghasemi/user-manager/internal/repository/user_repository.go:85.2,85.26 1 0
github.com/alirezaghasemi/user-manager/internal/repository/user_repository.go:85.26,87.3 1 0
github.com/alirezaghasemi/user-manager/internal/repository/user_repository.go:89.2,89.18 1 0
github.com/alirezaghasemi/user-manager/internal/repository/user_repository.go:93.80,96.16 3 0
github.com/alirezaghasemi/user-manager/internal/repository/user_repository.go:96.16,98.3 1 0
github.com/alirezaghasemi/user-manager/internal/repository/user_repository.go:100.2,100.19 1 0
github.com/alirezaghasemi/user-manager/internal/repository/user_repository.go:104.71,108.16 3 0
github.com/alirezaghasemi/user-manager/internal/repository/user_repository.go:108.16,109.45 1 0
github.com/alirezaghasemi/user-manager/internal/repository/user_repository.go:109.45,111.4 1 0
github.com/alirezaghasemi/user-manager/internal/repository/user_repository.go:113.3,113.61 1 0
github.com/alirezaghasemi/user-manager/internal/repository/user_repository.go:117.2,118.16 2 0
github.com/alirezaghasemi/user-manager/internal/repository/user_repository.go:118.16,120.3 1 0
github.com/alirezaghasemi/user-manager/internal/repository/user_repository.go:122.2,122.12 1 0
github.com/alirezaghasemi/user-manager/internal/usecase/user_usecase.go:38.95,43.2 1 1
github.com/alirezaghasemi/user-manager/internal/usecase/user_usecase.go:46.94,48.16 2 1
github.com/alirezaghasemi/user-manager/internal/usecase/user_usecase.go:48.16,49.53 1 1
github.com/alirezaghasemi/user-manager/internal/usecase/user_usecase.go:49.53,51.4 1 1
github.com/alirezaghasemi/user-manager/internal/usecase/user_usecase.go:53.3,53.56 1 1
github.com/alirezaghasemi/user-manager/internal/usecase/user_usecase.go:53.56,55.4 1 1
github.com/alirezaghasemi/user-manager/internal/usecase/user_usecase.go:57.3,57.78 1 1
github.com/alirezaghasemi/user-manager/internal/usecase/user_usecase.go:60.2,60.23 1 1
github.com/alirezaghasemi/user-manager/internal/usecase/user_usecase.go:64.87,66.16 2 1
github.com/alirezaghasemi/user-manager/internal/usecase/user_usecase.go:66.16,67.52 1 1
github.com/alirezaghasemi/user-manager/internal/usecase/user_usecase.go:67.52,69.4 1 1
github.com/alirezaghasemi/user-manager/internal/usecase/user_usecase.go:71.3,71.78 1 1
github.com/alirezaghasemi/user-manager/internal/usecase/user_usecase.go:74.2,74.18 1 1
github.com/alirezaghasemi/user-manager/internal/usecase/user_usecase.go:78.94,80.16 2 1
github.com/alirezaghasemi/user-manager/internal/usecase/user_usecase.go:80.16,81.10 1 1
github.com/alirezaghasemi/user-manager/internal/usecase/user_usecase.go:82.55,83.73 1 1
github.com/alirezaghasemi/user-manager/internal/usecase/user_usecase.go:84.60,85.78 1 1
github.com/alirezaghasemi/user-manager/internal/usecase/user_usecase.go:86.54,87.72 1 1
github.com/alirezaghasemi/user-manager/internal/usecase/user_usecase.go:88.11,89.79 1 1
github.com/alirezaghasemi/user-manager/internal/usecase/user_usecase.go:93.2,93.25 1 1
github.com/alirezaghasemi/user-manager/internal/usecase/user_usecase.go:97.77,99.16 2 1
github.com/alirezaghasemi/user-manager/internal/usecase/user_usecase.go:99.16,101.3 1 1
github.com/alirezaghasemi/user-manager/internal/usecase/user_usecase.go:103.2,103.19 1 1
github.com/alirezaghasemi/user-manager/internal/usecase/user_usecase.go:107.68,109.16 2 1
github.com/alirezaghasemi/user-manager/internal/usecase/user_usecase.go:109.16,110.52 1 1
github.com/alirezaghasemi/user-manager/internal/usecase/user_usecase.go:110.52,112.4 1 1
github.com/alirezaghasemi/user-manager/internal/usecase/user_usecase.go:114.3,114.61 1 1
github.com/alirezaghasemi/user-manager/internal/usecase/user_usecase.go:117.2,117.12 1 1
